pochtabank.nalozhka.yandex.kwid9.iset.xyz
pochtabank.nalozhka.sber.kwid9.marf.xyz
alt.canary.s3.us-east-1.vpce.amazonaws.com
canary.s3.us-east-1.vpce.amazonaws.com
outlook.usapooldirect.com
www.www.www.www4.youtube-gir.com
*.ap-southeast-2.es.amazonaws.com
xj5pmeqxueeuoc2utltcq32fae.ap-southeast-2.es.amazonaws.com
*.crossaccountplcan.pgm95u.c1.kafka.ap-northeast-3.amazonaws.com
*.iam.crossaccountplcan.pgm95u.c1.kafka.ap-northeast-3.amazonaws.com
*.iam2.crossaccountplcan.pgm95u.c1.kafka.ap-northeast-3.amazonaws.com
*.scram.crossaccountplcan.pgm95u.c1.kafka.ap-northeast-3.amazonaws.com
*.scram2.crossaccountplcan.pgm95u.c1.kafka.ap-northeast-3.amazonaws.com
*.tls.crossaccountplcan.pgm95u.c1.kafka.ap-northeast-3.amazonaws.com
*.tls2.crossaccountplcan.pgm95u.c1.kafka.ap-northeast-3.amazonaws.com
*.ap-southeast-1.es.amazonaws.com
mnqjt3cit5jlo3jjbkj7dlyf4a.ap-southeast-1.es.amazonaws.com
accounting.altdigitize.xyz
hhhfoundation.mydurable.com.housinghomelessheroes.com
ontradeliveryservice.com.spakastrade.com
www.ontradeliveryservice.com.spakastrade.com
www.bisnisarmadaindo.com.riaubook.com
www.nusa24.com.riaubook.com
*.crossaccountplcan.jayw0m.c3.kafka-beta.us-east-1.amazonaws.com
*.iam.crossaccountplcan.jayw0m.c3.kafka-beta.us-east-1.amazonaws.com
*.iam2.crossaccountplcan.jayw0m.c3.kafka-beta.us-east-1.amazonaws.com
*.scram.crossaccountplcan.jayw0m.c3.kafka-beta.us-east-1.amazonaws.com
*.scram2.crossaccountplcan.jayw0m.c3.kafka-beta.us-east-1.amazonaws.com
*.tls.crossaccountplcan.jayw0m.c3.kafka-beta.us-east-1.amazonaws.com
*.tls2.crossaccountplcan.jayw0m.c3.kafka-beta.us-east-1.amazonaws.com
vai-06de3b6d9ea47eef7.ava.eu-central-1.amazonaws.com
restaurant.blockchaindevelopmentcompany.in
*.blockchainscore.org
blockchainscore.org
*.lifecycle-prober-prod-26f5570e-36cd-46ea-9af6-ca4edfe234fe.australia-southeast1.managedkafka.gmk-lifecycle-prober-prod-2.cloud.goog
alt.canary.s3.ap-northeast-2.vpce.amazonaws.com
canary.s3.ap-northeast-2.vpce.amazonaws.com
*.iam.mtlscanaryade9c8c03.z74bei.c1.kafka.eu-central-1.amazonaws.com
*.iam2.mtlscanaryade9c8c03.z74bei.c1.kafka.eu-central-1.amazonaws.com
*.mtlscanaryade9c8c03.z74bei.c1.kafka.eu-central-1.amazonaws.com
*.scram.mtlscanaryade9c8c03.z74bei.c1.kafka.eu-central-1.amazonaws.com
*.scram2.mtlscanaryade9c8c03.z74bei.c1.kafka.eu-central-1.amazonaws.com
*.tls.mtlscanaryade9c8c03.z74bei.c1.kafka.eu-central-1.amazonaws.com
*.tls2.mtlscanaryade9c8c03.z74bei.c1.kafka.eu-central-1.amazonaws.com
outlook.thesumnerfoundation.org
*.iam.publicaccess.q3lesr.c1.kafka-gamma.us-gov-west-1.amazonaws.com
*.iam2.publicaccess.q3lesr.c1.kafka-gamma.us-gov-west-1.amazonaws.com
*.publicaccess.q3lesr.c1.kafka-gamma.us-gov-west-1.amazonaws.com
*.scram.publicaccess.q3lesr.c1.kafka-gamma.us-gov-west-1.amazonaws.com
*.scram2.publicaccess.q3lesr.c1.kafka-gamma.us-gov-west-1.amazonaws.com
*.tls.publicaccess.q3lesr.c1.kafka-gamma.us-gov-west-1.amazonaws.com
*.tls2.publicaccess.q3lesr.c1.kafka-gamma.us-gov-west-1.amazonaws.com
*.apps.m116125-111-hbase-4v0-2v1-byok-d.hdinsight-stable.azure-test.net
*.geo.redis.cache.windows.net
*.geo.redis.cache.windows.net
*.geo.redis.cache.windows.net
uk32-live-doc-s-mysql-flexible.mysql.database.azure.com
db-yape3-eastus-online-subscription-stg-b7ce7208.postgres.database.azure.com
vai-04299f8cba4baa1fb.ava.eu-south-1.amazonaws.com
*.ap-southeast-1.es.amazonaws.com
iv2c5q4wpq6gzie63lkpv7jqzq.ap-southeast-1.es.amazonaws.com
*.iam.privatelinkcanary47.jlzblp.c3.kafka.me-central-1.amazonaws.com
*.iam2.privatelinkcanary47.jlzblp.c3.kafka.me-central-1.amazonaws.com
*.privatelinkcanary47.jlzblp.c3.kafka.me-central-1.amazonaws.com
*.scram.privatelinkcanary47.jlzblp.c3.kafka.me-central-1.amazonaws.com
*.scram2.privatelinkcanary47.jlzblp.c3.kafka.me-central-1.amazonaws.com
*.tls.privatelinkcanary47.jlzblp.c3.kafka.me-central-1.amazonaws.com
*.tls2.privatelinkcanary47.jlzblp.c3.kafka.me-central-1.amazonaws.com
endpoint-scanner-security-17478.xyz
*.iam.privatelinkcanary33.6c07gp.c3.kafka.il-central-1.amazonaws.com
*.iam2.privatelinkcanary33.6c07gp.c3.kafka.il-central-1.amazonaws.com
*.privatelinkcanary33.6c07gp.c3.kafka.il-central-1.amazonaws.com
*.scram.privatelinkcanary33.6c07gp.c3.kafka.il-central-1.amazonaws.com
*.scram2.privatelinkcanary33.6c07gp.c3.kafka.il-central-1.amazonaws.com
*.tls.privatelinkcanary33.6c07gp.c3.kafka.il-central-1.amazonaws.com
*.tls2.privatelinkcanary33.6c07gp.c3.kafka.il-central-1.amazonaws.com
*.crossaccountplcanar.ss4d40.c2.kafka.ca-central-1.amazonaws.com
*.iam.crossaccountplcanar.ss4d40.c2.kafka.ca-central-1.amazonaws.com
*.iam2.crossaccountplcanar.ss4d40.c2.kafka.ca-central-1.amazonaws.com
*.scram.crossaccountplcanar.ss4d40.c2.kafka.ca-central-1.amazonaws.com
*.scram2.crossaccountplcanar.ss4d40.c2.kafka.ca-central-1.amazonaws.com
*.tls.crossaccountplcanar.ss4d40.c2.kafka.ca-central-1.amazonaws.com
*.tls2.crossaccountplcanar.ss4d40.c2.kafka.ca-central-1.amazonaws.com
*.canary726b6b0b412.tq0xo8.c1.kafka.ap-northeast-3.amazonaws.com
*.iam.canary726b6b0b412.tq0xo8.c1.kafka.ap-northeast-3.amazonaws.com
*.iam2.canary726b6b0b412.tq0xo8.c1.kafka.ap-northeast-3.amazonaws.com
*.scram.canary726b6b0b412.tq0xo8.c1.kafka.ap-northeast-3.amazonaws.com
*.scram2.canary726b6b0b412.tq0xo8.c1.kafka.ap-northeast-3.amazonaws.com
*.tls.canary726b6b0b412.tq0xo8.c1.kafka.ap-northeast-3.amazonaws.com
*.tls2.canary726b6b0b412.tq0xo8.c1.kafka.ap-northeast-3.amazonaws.com
*.ap-southeast-2.es.amazonaws.com
hp6rdik37cxa25emejhethncgm.ap-southeast-2.es.amazonaws.com
vai-0636795da22114754.ava.ap-southeast-1.amazonaws.com
*.iam.privatelinkcanarye9.scuiw9.c1.kafka.eu-central-1.amazonaws.com
*.iam2.privatelinkcanarye9.scuiw9.c1.kafka.eu-central-1.amazonaws.com
*.privatelinkcanarye9.scuiw9.c1.kafka.eu-central-1.amazonaws.com
*.scram.privatelinkcanarye9.scuiw9.c1.kafka.eu-central-1.amazonaws.com
*.scram2.privatelinkcanarye9.scuiw9.c1.kafka.eu-central-1.amazonaws.com
*.tls.privatelinkcanarye9.scuiw9.c1.kafka.eu-central-1.amazonaws.com
*.tls2.privatelinkcanarye9.scuiw9.c1.kafka.eu-central-1.amazonaws.com
vai-010cc9ea96c1c0ed7.ava.ap-southeast-2.amazonaws.com
jagritthapa.com.np.sunkudacampus.edu.np
www.jagritthapa.com.np.sunkudacampus.edu.np
accounting.altdigitize.xyz
forms.portlandpsychologicalservices.com
www.centuryrefineries.com.foxpure.com
pedromendizabal.rkinformatika.online
*.us-west-2.es.amazonaws.com
dv6t37r6lnmy7eo6gkboky77iy.us-west-2.es.amazonaws.com
*.iam.privatelinkcanary.l2vhzr.c1.kafka.ap-northeast-3.amazonaws.com
*.iam2.privatelinkcanary.l2vhzr.c1.kafka.ap-northeast-3.amazonaws.com
*.privatelinkcanary.l2vhzr.c1.kafka.ap-northeast-3.amazonaws.com
*.scram.privatelinkcanary.l2vhzr.c1.kafka.ap-northeast-3.amazonaws.com
*.scram2.privatelinkcanary.l2vhzr.c1.kafka.ap-northeast-3.amazonaws.com
*.tls.privatelinkcanary.l2vhzr.c1.kafka.ap-northeast-3.amazonaws.com
*.tls2.privatelinkcanary.l2vhzr.c1.kafka.ap-northeast-3.amazonaws.com
sberbank.sbermegamarket.pochtabank.kwid9.myflower.xyz
*.chakravadhanula.pcwebdesigning.com
chakravadhanula.pcwebdesigning.com
www.www.login.webwww.powerbi.com.in
bc-mc.7nojuj3bjfpgayibzdp5ccm4q.s.blockchainnodeengine.com
beacon.7nojuj3bjfpgayibzdp5ccm4q.s.blockchainnodeengine.com
ec-mc.7nojuj3bjfpgayibzdp5ccm4q.s.blockchainnodeengine.com
json-rpc.7nojuj3bjfpgayibzdp5ccm4q.s.blockchainnodeengine.com
ws.7nojuj3bjfpgayibzdp5ccm4q.s.blockchainnodeengine.com
linkedin.peres.dev
www.plaisirsgourmets.com.jak-s.com
resourcemanager-scanxgbl-bn.scanx.esrp.microsoft.com
*.lifecycle-prober-prod-524249f8-08ec-4adb-80d0-c332b4ac40c4.us-west1.managedkafka.gmk-lifecycle-prober-prod-4.cloud.goog
www.autoconfig.lowellwindows.com
form.lawyersupport.in
notexistsstore.support.media.sitemaps.melech.de
*.canarya11812bbbf20.h9dfhn.c3.kafka.me-south-1.amazonaws.com
*.iam.canarya11812bbbf20.h9dfhn.c3.kafka.me-south-1.amazonaws.com
*.iam2.canarya11812bbbf20.h9dfhn.c3.kafka.me-south-1.amazonaws.com
*.scram.canarya11812bbbf20.h9dfhn.c3.kafka.me-south-1.amazonaws.com
*.scram2.canarya11812bbbf20.h9dfhn.c3.kafka.me-south-1.amazonaws.com
*.tls.canarya11812bbbf20.h9dfhn.c3.kafka.me-south-1.amazonaws.com
*.tls2.canarya11812bbbf20.h9dfhn.c3.kafka.me-south-1.amazonaws.com
*.crossaccountplcanary5.5i25oo.c3.kafka.me-south-1.amazonaws.com
*.iam.crossaccountplcanary5.5i25oo.c3.kafka.me-south-1.amazonaws.com
*.iam2.crossaccountplcanary5.5i25oo.c3.kafka.me-south-1.amazonaws.com
*.scram.crossaccountplcanary5.5i25oo.c3.kafka.me-south-1.amazonaws.com
*.scram2.crossaccountplcanary5.5i25oo.c3.kafka.me-south-1.amazonaws.com
*.tls.crossaccountplcanary5.5i25oo.c3.kafka.me-south-1.amazonaws.com
*.tls2.crossaccountplcanary5.5i25oo.c3.kafka.me-south-1.amazonaws.com
*.canary582e161b8694.3ay93w.c3.kafka.eu-central-2.amazonaws.com
*.iam.canary582e161b8694.3ay93w.c3.kafka.eu-central-2.amazonaws.com
*.iam2.canary582e161b8694.3ay93w.c3.kafka.eu-central-2.amazonaws.com
*.scram.canary582e161b8694.3ay93w.c3.kafka.eu-central-2.amazonaws.com
*.scram2.canary582e161b8694.3ay93w.c3.kafka.eu-central-2.amazonaws.com
*.tls.canary582e161b8694.3ay93w.c3.kafka.eu-central-2.amazonaws.com
*.tls2.canary582e161b8694.3ay93w.c3.kafka.eu-central-2.amazonaws.com
pacedev.rh-e-temp-e2e-66-kof8hu.int.rohea.com
pacedev.rh-e-temp-e2e-66-kof8hu.int.rohea.com
*.iam.publicaccess.kchaav.c1.kafka-gamma.us-gov-west-1.amazonaws.com
*.iam2.publicaccess.kchaav.c1.kafka-gamma.us-gov-west-1.amazonaws.com
*.publicaccess.kchaav.c1.kafka-gamma.us-gov-west-1.amazonaws.com
*.scram.publicaccess.kchaav.c1.kafka-gamma.us-gov-west-1.amazonaws.com
*.scram2.publicaccess.kchaav.c1.kafka-gamma.us-gov-west-1.amazonaws.com
*.tls.publicaccess.kchaav.c1.kafka-gamma.us-gov-west-1.amazonaws.com
*.tls2.publicaccess.kchaav.c1.kafka-gamma.us-gov-west-1.amazonaws.com
*.ap-southeast-2.es.amazonaws.com
ck6lq57kxib3mc35tlxy3mivyq.ap-southeast-2.es.amazonaws.com
yandex.www.dashboard.avid-24.com
pochtabank.www.dqvid39ir6.businessngr.top
*.cfnlaunchpadcanaryt.yoi3v3.c8.kafka.eu-central-1.amazonaws.com
*.iam.cfnlaunchpadcanaryt.yoi3v3.c8.kafka.eu-central-1.amazonaws.com
*.iam2.cfnlaunchpadcanaryt.yoi3v3.c8.kafka.eu-central-1.amazonaws.com
*.scram.cfnlaunchpadcanaryt.yoi3v3.c8.kafka.eu-central-1.amazonaws.com
*.scram2.cfnlaunchpadcanaryt.yoi3v3.c8.kafka.eu-central-1.amazonaws.com
*.tls.cfnlaunchpadcanaryt.yoi3v3.c8.kafka.eu-central-1.amazonaws.com
*.tls2.cfnlaunchpadcanaryt.yoi3v3.c8.kafka.eu-central-1.amazonaws.com
*.ap-southeast-1.es.amazonaws.com
uizk4tbvlab7jann5sx7sv6zoi.ap-southeast-1.es.amazonaws.com
youla.pochta.sberbank.kwid9.myflower.xyz
*.accesspoint.vpce-008305049c853f909-fk53p7t0-us-west-1a.s3.us-west-1.vpce.amazonaws.com
*.accesspoint.vpce-008305049c853f909-fk53p7t0-us-west-1b.s3.us-west-1.vpce.amazonaws.com
*.accesspoint.vpce-008305049c853f909-fk53p7t0.s3.us-west-1.vpce.amazonaws.com
*.bucket.vpce-008305049c853f909-fk53p7t0-us-west-1a.s3.us-west-1.vpce.amazonaws.com
*.bucket.vpce-008305049c853f909-fk53p7t0-us-west-1b.s3.us-west-1.vpce.amazonaws.com
*.bucket.vpce-008305049c853f909-fk53p7t0.s3.us-west-1.vpce.amazonaws.com
*.control.vpce-008305049c853f909-fk53p7t0-us-west-1a.s3.us-west-1.vpce.amazonaws.com
*.control.vpce-008305049c853f909-fk53p7t0-us-west-1b.s3.us-west-1.vpce.amazonaws.com
*.control.vpce-008305049c853f909-fk53p7t0.s3.us-west-1.vpce.amazonaws.com
*.s3-accesspoint.us-west-1.amazonaws.com
*.s3-control.us-west-1.amazonaws.com
*.s3.us-west-1.amazonaws.com
bucket.vpce-008305049c853f909-fk53p7t0-us-west-1a.s3.us-west-1.vpce.amazonaws.com
bucket.vpce-008305049c853f909-fk53p7t0-us-west-1b.s3.us-west-1.vpce.amazonaws.com
bucket.vpce-008305049c853f909-fk53p7t0.s3.us-west-1.vpce.amazonaws.com
s3.us-west-1.amazonaws.com
*.accesspoint.vpce-02dee9a87461330d2-qprgn7vj-eu-west-3a.s3.eu-west-3.vpce.amazonaws.com
*.accesspoint.vpce-02dee9a87461330d2-qprgn7vj-eu-west-3b.s3.eu-west-3.vpce.amazonaws.com
*.accesspoint.vpce-02dee9a87461330d2-qprgn7vj-eu-west-3c.s3.eu-west-3.vpce.amazonaws.com
*.accesspoint.vpce-02dee9a87461330d2-qprgn7vj.s3.eu-west-3.vpce.amazonaws.com
*.bucket.vpce-02dee9a87461330d2-qprgn7vj-eu-west-3a.s3.eu-west-3.vpce.amazonaws.com
*.bucket.vpce-02dee9a87461330d2-qprgn7vj-eu-west-3b.s3.eu-west-3.vpce.amazonaws.com
*.bucket.vpce-02dee9a87461330d2-qprgn7vj-eu-west-3c.s3.eu-west-3.vpce.amazonaws.com
*.bucket.vpce-02dee9a87461330d2-qprgn7vj.s3.eu-west-3.vpce.amazonaws.com
*.control.vpce-02dee9a87461330d2-qprgn7vj-eu-west-3a.s3.eu-west-3.vpce.amazonaws.com
*.control.vpce-02dee9a87461330d2-qprgn7vj-eu-west-3b.s3.eu-west-3.vpce.amazonaws.com
*.control.vpce-02dee9a87461330d2-qprgn7vj-eu-west-3c.s3.eu-west-3.vpce.amazonaws.com
*.control.vpce-02dee9a87461330d2-qprgn7vj.s3.eu-west-3.vpce.amazonaws.com
*.s3-accesspoint.eu-west-3.amazonaws.com
*.s3-control.eu-west-3.amazonaws.com
*.s3.eu-west-3.amazonaws.com
bucket.vpce-02dee9a87461330d2-qprgn7vj-eu-west-3a.s3.eu-west-3.vpce.amazonaws.com
bucket.vpce-02dee9a87461330d2-qprgn7vj-eu-west-3b.s3.eu-west-3.vpce.amazonaws.com
bucket.vpce-02dee9a87461330d2-qprgn7vj-eu-west-3c.s3.eu-west-3.vpce.amazonaws.com
bucket.vpce-02dee9a87461330d2-qprgn7vj.s3.eu-west-3.vpce.amazonaws.com
s3.eu-west-3.amazonaws.com
*.accesspoint.vpce-09aba7254dda4cf86-man2pbee-ap-southeast-4a.s3.ap-southeast-4.vpce.amazonaws.com
*.accesspoint.vpce-09aba7254dda4cf86-man2pbee-ap-southeast-4b.s3.ap-southeast-4.vpce.amazonaws.com
*.accesspoint.vpce-09aba7254dda4cf86-man2pbee-ap-southeast-4c.s3.ap-southeast-4.vpce.amazonaws.com
*.accesspoint.vpce-09aba7254dda4cf86-man2pbee.s3.ap-southeast-4.vpce.amazonaws.com
*.bucket.vpce-09aba7254dda4cf86-man2pbee-ap-southeast-4a.s3.ap-southeast-4.vpce.amazonaws.com
*.bucket.vpce-09aba7254dda4cf86-man2pbee-ap-southeast-4b.s3.ap-southeast-4.vpce.amazonaws.com
*.bucket.vpce-09aba7254dda4cf86-man2pbee-ap-southeast-4c.s3.ap-southeast-4.vpce.amazonaws.com
*.bucket.vpce-09aba7254dda4cf86-man2pbee.s3.ap-southeast-4.vpce.amazonaws.com
*.control.vpce-09aba7254dda4cf86-man2pbee-ap-southeast-4a.s3.ap-southeast-4.vpce.amazonaws.com
*.control.vpce-09aba7254dda4cf86-man2pbee-ap-southeast-4b.s3.ap-southeast-4.vpce.amazonaws.com
*.control.vpce-09aba7254dda4cf86-man2pbee-ap-southeast-4c.s3.ap-southeast-4.vpce.amazonaws.com
*.control.vpce-09aba7254dda4cf86-man2pbee.s3.ap-southeast-4.vpce.amazonaws.com
*.s3-accesspoint.ap-southeast-4.amazonaws.com
*.s3-control.ap-southeast-4.amazonaws.com
*.s3.ap-southeast-4.amazonaws.com
bucket.vpce-09aba7254dda4cf86-man2pbee-ap-southeast-4a.s3.ap-southeast-4.vpce.amazonaws.com
bucket.vpce-09aba7254dda4cf86-man2pbee-ap-southeast-4b.s3.ap-southeast-4.vpce.amazonaws.com
bucket.vpce-09aba7254dda4cf86-man2pbee-ap-southeast-4c.s3.ap-southeast-4.vpce.amazonaws.com
bucket.vpce-09aba7254dda4cf86-man2pbee.s3.ap-southeast-4.vpce.amazonaws.com
s3.ap-southeast-4.amazonaws.com
*.af-south-1.es.amazonaws.com
fci4h5aisjx72wtb2t45gozwti.af-south-1.es.amazonaws.com
*.cfnlaunchpadcanarytest.np43b0.c2.kafka.us-west-1.amazonaws.com
*.iam.cfnlaunchpadcanarytest.np43b0.c2.kafka.us-west-1.amazonaws.com
*.iam2.cfnlaunchpadcanarytest.np43b0.c2.kafka.us-west-1.amazonaws.com
*.scram.cfnlaunchpadcanarytest.np43b0.c2.kafka.us-west-1.amazonaws.com
*.scram2.cfnlaunchpadcanarytest.np43b0.c2.kafka.us-west-1.amazonaws.com
*.tls.cfnlaunchpadcanarytest.np43b0.c2.kafka.us-west-1.amazonaws.com
*.tls2.cfnlaunchpadcanarytest.np43b0.c2.kafka.us-west-1.amazonaws.com
db623756-85c3-45d2-a983-1b4b00951234.livingstreaming1.xyz
www.mobile.online-colleges-for-business-marketing.xyz
*.cfnlaunchpadcanar.87eaz2.c2.kafka.ap-southeast-3.amazonaws.com
*.iam.cfnlaunchpadcanar.87eaz2.c2.kafka.ap-southeast-3.amazonaws.com
*.iam2.cfnlaunchpadcanar.87eaz2.c2.kafka.ap-southeast-3.amazonaws.com
*.scram.cfnlaunchpadcanar.87eaz2.c2.kafka.ap-southeast-3.amazonaws.com
*.scram2.cfnlaunchpadcanar.87eaz2.c2.kafka.ap-southeast-3.amazonaws.com
*.tls.cfnlaunchpadcanar.87eaz2.c2.kafka.ap-southeast-3.amazonaws.com
*.tls2.cfnlaunchpadcanar.87eaz2.c2.kafka.ap-southeast-3.amazonaws.com
*.ap-south-1.es.amazonaws.com
336eiywa2h7ivpzuvqz23ft3cu.ap-south-1.es.amazonaws.com
*.us-east-1.es.amazonaws.com
alowit7fy66h36huse2mwx622q.us-east-1.es.amazonaws.com
vai-0eba542a9dff268d5.ava.sa-east-1.amazonaws.com
*.ap-south-1.es.amazonaws.com
2xavujwpm42g3likw3iywzt4yi.ap-south-1.es.amazonaws.com
*.ap-south-1.es.amazonaws.com
2mhxkd74ehrgtw7g2moauxkn6u.ap-south-1.es.amazonaws.com
blablacar.pochta.pochtabank.kwid9.biju.xyz
vai-0030bc7fde58a0733.ava.eu-north-1.amazonaws.com
*.cf.hana-tooling.ingress.orchestration.i572731p-orc-hc-dev.dev-aws.hanacloud.ondemand.com
*.hana-tooling.ingress.orchestration.i572731p-orc-hc-dev.dev-aws.hanacloud.ondemand.com
vai-0489e49ed3288e95b.ava.us-west-2.amazonaws.com
*.ap-southeast-1.es.amazonaws.com
2ozv7h4btesyp5xblvd3d2jjjy.ap-southeast-1.es.amazonaws.com
*.accesspoint.vpce-019a8c6c473e19973-hxb3ez5q-ap-northeast-2a.s3.ap-northeast-2.vpce.amazonaws.com
*.accesspoint.vpce-019a8c6c473e19973-hxb3ez5q-ap-northeast-2b.s3.ap-northeast-2.vpce.amazonaws.com
*.accesspoint.vpce-019a8c6c473e19973-hxb3ez5q-ap-northeast-2c.s3.ap-northeast-2.vpce.amazonaws.com
*.accesspoint.vpce-019a8c6c473e19973-hxb3ez5q-ap-northeast-2d.s3.ap-northeast-2.vpce.amazonaws.com
*.accesspoint.vpce-019a8c6c473e19973-hxb3ez5q.s3.ap-northeast-2.vpce.amazonaws.com
*.bucket.vpce-019a8c6c473e19973-hxb3ez5q-ap-northeast-2a.s3.ap-northeast-2.vpce.amazonaws.com
*.bucket.vpce-019a8c6c473e19973-hxb3ez5q-ap-northeast-2b.s3.ap-northeast-2.vpce.amazonaws.com
*.bucket.vpce-019a8c6c473e19973-hxb3ez5q-ap-northeast-2c.s3.ap-northeast-2.vpce.amazonaws.com
*.bucket.vpce-019a8c6c473e19973-hxb3ez5q-ap-northeast-2d.s3.ap-northeast-2.vpce.amazonaws.com
*.bucket.vpce-019a8c6c473e19973-hxb3ez5q.s3.ap-northeast-2.vpce.amazonaws.com
*.control.vpce-019a8c6c473e19973-hxb3ez5q-ap-northeast-2a.s3.ap-northeast-2.vpce.amazonaws.com
*.control.vpce-019a8c6c473e19973-hxb3ez5q-ap-northeast-2b.s3.ap-northeast-2.vpce.amazonaws.com
*.control.vpce-019a8c6c473e19973-hxb3ez5q-ap-northeast-2c.s3.ap-northeast-2.vpce.amazonaws.com
*.control.vpce-019a8c6c473e19973-hxb3ez5q-ap-northeast-2d.s3.ap-northeast-2.vpce.amazonaws.com
*.control.vpce-019a8c6c473e19973-hxb3ez5q.s3.ap-northeast-2.vpce.amazonaws.com
*.s3-accesspoint.ap-northeast-2.amazonaws.com
*.s3-control.ap-northeast-2.amazonaws.com
*.s3.ap-northeast-2.amazonaws.com
bucket.vpce-019a8c6c473e19973-hxb3ez5q-ap-northeast-2a.s3.ap-northeast-2.vpce.amazonaws.com
bucket.vpce-019a8c6c473e19973-hxb3ez5q-ap-northeast-2b.s3.ap-northeast-2.vpce.amazonaws.com
bucket.vpce-019a8c6c473e19973-hxb3ez5q-ap-northeast-2c.s3.ap-northeast-2.vpce.amazonaws.com
bucket.vpce-019a8c6c473e19973-hxb3ez5q-ap-northeast-2d.s3.ap-northeast-2.vpce.amazonaws.com
bucket.vpce-019a8c6c473e19973-hxb3ez5q.s3.ap-northeast-2.vpce.amazonaws.com
s3.ap-northeast-2.amazonaws.com
*.ap-southeast-1.es.amazonaws.com
5hadplgixmvnvqhz2cvu26rf3m.ap-southeast-1.es.amazonaws.com
*.ap-southeast-1.es.amazonaws.com
6wuq6uixrnipopjbltvqlqfdja.ap-southeast-1.es.amazonaws.com
*.ap-southeast-1.es.amazonaws.com
vyh7yn2sz3yippiwrlwxkeour4.ap-southeast-1.es.amazonaws.com
*.ap-southeast-1.es.amazonaws.com
knc6alragaqyjwgwiu5pw4b6si.ap-southeast-1.es.amazonaws.com
sber.pochta.pochtabank.kwid9.biju.xyz
*.ap-southeast-1.es.amazonaws.com
hbseqxdjaa4udafk7w64456myi.ap-southeast-1.es.amazonaws.com
www.www.www.7df80b53-3985-48a7-b854-18bbac9bdd9e.synstest.xyz
*.ap-east-1.es.amazonaws.com
bm3qvkzkxxjfbdtxhp6muoktqm.ap-east-1.es.amazonaws.com
whatsapp.argolo.dev
*.ap-southeast-1.es.amazonaws.com
ku5zqdy7drortjiqefahjoxoqi.ap-southeast-1.es.amazonaws.com
*.eu-central-1.es.amazonaws.com
rw2hxek4g7pepjtcojpia5mqcy.eu-central-1.es.amazonaws.com
apim-shres-d-we-002.unique.management.azure-api.net
apim-shres-d-we-002.unique.portal.azure-api.net
loyalty-external-service-api.bp.staging.k8s.pouteam.us
ozon.pochtabank.kwid9.digisec.xyz
*.ap-southeast-2.es.amazonaws.com
g2pti6vvj6vdkrhccuglyu5xy4.ap-southeast-2.es.amazonaws.com
*.ap-southeast-2.es.amazonaws.com
dvmtdlrglkk6j4bhsc27ukmo4i.ap-southeast-2.es.amazonaws.com
*.iam.privatelinkcanarya7.0tusy6.c2.kafka.ca-central-1.amazonaws.com
*.iam2.privatelinkcanarya7.0tusy6.c2.kafka.ca-central-1.amazonaws.com
*.privatelinkcanarya7.0tusy6.c2.kafka.ca-central-1.amazonaws.com
*.scram.privatelinkcanarya7.0tusy6.c2.kafka.ca-central-1.amazonaws.com
*.scram2.privatelinkcanarya7.0tusy6.c2.kafka.ca-central-1.amazonaws.com
*.tls.privatelinkcanarya7.0tusy6.c2.kafka.ca-central-1.amazonaws.com
*.tls2.privatelinkcanarya7.0tusy6.c2.kafka.ca-central-1.amazonaws.com
*.apps.m116125-111-hbase-4v0-2v1-byok-d.hdinsight-stable.azure-test.net
*.accesspoint.vpce-011326dfaa1a8a8d4-013eq4nh-us-west-2a.s3.us-west-2.vpce.amazonaws.com
*.accesspoint.vpce-011326dfaa1a8a8d4-013eq4nh-us-west-2b.s3.us-west-2.vpce.amazonaws.com
*.accesspoint.vpce-011326dfaa1a8a8d4-013eq4nh-us-west-2c.s3.us-west-2.vpce.amazonaws.com
*.accesspoint.vpce-011326dfaa1a8a8d4-013eq4nh-us-west-2d.s3.us-west-2.vpce.amazonaws.com
*.accesspoint.vpce-011326dfaa1a8a8d4-013eq4nh.s3.us-west-2.vpce.amazonaws.com
*.bucket.vpce-011326dfaa1a8a8d4-013eq4nh-us-west-2a.s3.us-west-2.vpce.amazonaws.com
*.bucket.vpce-011326dfaa1a8a8d4-013eq4nh-us-west-2b.s3.us-west-2.vpce.amazonaws.com
*.bucket.vpce-011326dfaa1a8a8d4-013eq4nh-us-west-2c.s3.us-west-2.vpce.amazonaws.com
*.bucket.vpce-011326dfaa1a8a8d4-013eq4nh-us-west-2d.s3.us-west-2.vpce.amazonaws.com
*.bucket.vpce-011326dfaa1a8a8d4-013eq4nh.s3.us-west-2.vpce.amazonaws.com
*.control.vpce-011326dfaa1a8a8d4-013eq4nh-us-west-2a.s3.us-west-2.vpce.amazonaws.com
*.control.vpce-011326dfaa1a8a8d4-013eq4nh-us-west-2b.s3.us-west-2.vpce.amazonaws.com
*.control.vpce-011326dfaa1a8a8d4-013eq4nh-us-west-2c.s3.us-west-2.vpce.amazonaws.com
*.control.vpce-011326dfaa1a8a8d4-013eq4nh-us-west-2d.s3.us-west-2.vpce.amazonaws.com
*.control.vpce-011326dfaa1a8a8d4-013eq4nh.s3.us-west-2.vpce.amazonaws.com
*.s3-accesspoint.us-west-2.amazonaws.com
*.s3-control.us-west-2.amazonaws.com
*.s3.us-west-2.amazonaws.com
bucket.vpce-011326dfaa1a8a8d4-013eq4nh-us-west-2a.s3.us-west-2.vpce.amazonaws.com
bucket.vpce-011326dfaa1a8a8d4-013eq4nh-us-west-2b.s3.us-west-2.vpce.amazonaws.com
bucket.vpce-011326dfaa1a8a8d4-013eq4nh-us-west-2c.s3.us-west-2.vpce.amazonaws.com
bucket.vpce-011326dfaa1a8a8d4-013eq4nh-us-west-2d.s3.us-west-2.vpce.amazonaws.com
bucket.vpce-011326dfaa1a8a8d4-013eq4nh.s3.us-west-2.vpce.amazonaws.com
s3.us-west-2.amazonaws.com
www.sosspeedyofficesupply.internetservicepros.com
