cast.netflix.com
cast.netflix.com
iwf2ye.testingbigaccountcooldomainname7.com
www.iwf2ye.testingbigaccountcooldomainname7.com
*.canary1cc5924328de.tkiimi.c8.kafka.eu-central-1.amazonaws.com
*.iam.canary1cc5924328de.tkiimi.c8.kafka.eu-central-1.amazonaws.com
*.iam2.canary1cc5924328de.tkiimi.c8.kafka.eu-central-1.amazonaws.com
*.scram.canary1cc5924328de.tkiimi.c8.kafka.eu-central-1.amazonaws.com
*.scram2.canary1cc5924328de.tkiimi.c8.kafka.eu-central-1.amazonaws.com
*.tls.canary1cc5924328de.tkiimi.c8.kafka.eu-central-1.amazonaws.com
*.tls2.canary1cc5924328de.tkiimi.c8.kafka.eu-central-1.amazonaws.com
waws-prod-euapdm1-25851d1d.api.p.azurewebsites.windows.net
pay.pochta.cdek.avito.andex.chat.prod7ction.elasticsearch.planeta-51.ru
canary-s3ccp.mrap.accesspoint.s3-global.amazonaws.com
*.canarya3445ede200c.60n19g.c10.kafka.us-west-2.amazonaws.com
*.iam.canarya3445ede200c.60n19g.c10.kafka.us-west-2.amazonaws.com
*.iam2.canarya3445ede200c.60n19g.c10.kafka.us-west-2.amazonaws.com
*.scram.canarya3445ede200c.60n19g.c10.kafka.us-west-2.amazonaws.com
*.scram2.canarya3445ede200c.60n19g.c10.kafka.us-west-2.amazonaws.com
*.tls.canarya3445ede200c.60n19g.c10.kafka.us-west-2.amazonaws.com
*.tls2.canarya3445ede200c.60n19g.c10.kafka.us-west-2.amazonaws.com
home-base.battery-traditional.webapp.13-59-225-158.batrsinc.co
home-base.battery-traditional.webapp.3-131-3-165.batrsinc.co
home-base.battery-traditional.webapp.3-146-108-85.batrsinc.co
amazonses.txurdi.net
amazonses.txurdi.net
canary-s3ccp.mrap.accesspoint.s3-global.amazonaws.com
ozon.yandex.pochtabank.kwid9.dcentralize.xyz
cdek.yandex.sbermarket.42yiddhu8old1xol.frf.info
*.privatelink.sea.backup.windowsazure.com
*.privatelink.sea.siterecovery.windowsazure.com
alt.canary.s3.ap-southeast-3.vpce.amazonaws.com
canary.s3.ap-southeast-3.vpce.amazonaws.com
canary-s3ccp.mrap.accesspoint.s3-global.amazonaws.com
alt.canary.s3.eu-west-3.vpce.amazonaws.com
canary.s3.eu-west-3.vpce.amazonaws.com
crud-Stv1-None-EastUS2EUAP-105643401-1.portal-editor.azure-api.net
crud-stv1-none-eastus2euap-105643401-1-eu2e-01.unique.regional.azure-api.net
crud-stv1-none-eastus2euap-105643401-1.management.azure-api.net
crud-stv1-none-eastus2euap-105643401-1.portal.azure-api.net
crud-stv1-none-eastus2euap-105643401-1.unique.management.azure-api.net
crud-stv1-none-eastus2euap-105643401-1.unique.portal.azure-api.net
*.ap-northeast-1.es.amazonaws.com
jkveotgwb7w7hbyzmsuyng54fm.ap-northeast-1.es.amazonaws.com
*.geo.redis.cache.windows.net
*.ap-northeast-1.es.amazonaws.com
xds6zekhhxbf7ama4uryqkgwmm.ap-northeast-1.es.amazonaws.com
yandex.prod64.com
sbermarket.pochtabank.kwid9.dcentralize.xyz
sbermarket.pochtabank.kwid9.dcentralize.xyz
deploy-delete-app-eu-north-1-3.deploy-delete-test-eu-north-1-ph38bw4.eu-north-1.forgeapps.ec2.aws.dev
deploy-delete-app-eu-north-1-3.deploy-delete-test-eu-north-1-ph38bw4.forgeapps.ec2.aws.dev
r53lbr.deploy-delete-app-eu-north-1-3.deploy-delete-test-eu-north-1-ph38bw4.forgeapps.ec2.aws.dev
*.ap-northeast-1.es.amazonaws.com
lreg72tzvhf4ajdww2lodeb464.ap-northeast-1.es.amazonaws.com
pay.pochtabank.pochta.od0h.pfn.info
pay.pochtabank.pochta.od0h.pfn.info
cast.netflix.com
pochtabank.pay.pochta.42yiddhu8old1xol.frf.info
pochtabank.pay.pochta.42yiddhu8old1xol.frf.info
tokenization-ui.pci.prod.ld.payments.dojo.tech
*.community-support-help-contacty-2se.pages.dev
community-support-help-contacty-2se.pages.dev
alt.canary.s3.ap-northeast-2.vpce.amazonaws.com
canary.s3.ap-northeast-2.vpce.amazonaws.com
waws-prod-sy3-21d48a28.ftp.p.azurewebsites.windows.net
waws-prod-sy3-21d48a28.publish.p.azurewebsites.windows.net
live.live.com.evilginx.wc0de.com
*.ap-southeast-2.es.amazonaws.com
6r6un3pilmaj7qfra7ynn3cx24.ap-southeast-2.es.amazonaws.com
pay.pay.www.kwid9.onlinecourse-666.xyz
pay.pay.www.kwid9.onlinecourse-666.xyz
*.ap-southeast-2.es.amazonaws.com
3mok6xxvhlggx66rrn2zc5st6i.ap-southeast-2.es.amazonaws.com
pay.pochta.sbermarket.42yiddhu8old1xol.frf.info
pay.pochta.sbermarket.42yiddhu8old1xol.frf.info
www.climatemediapartners.com.roddyscheer.com
alt.canary.s3.eu-north-1.vpce.amazonaws.com
canary.s3.eu-north-1.vpce.amazonaws.com
sber.sberbank.sber.avito.covid19.polybeardmcc.com
*.accesspoint.vpce-032887b6405c7996e-36xul72u-us-west-2a.s3.us-west-2.vpce.amazonaws.com
*.accesspoint.vpce-032887b6405c7996e-36xul72u-us-west-2b.s3.us-west-2.vpce.amazonaws.com
*.accesspoint.vpce-032887b6405c7996e-36xul72u-us-west-2c.s3.us-west-2.vpce.amazonaws.com
*.accesspoint.vpce-032887b6405c7996e-36xul72u-us-west-2d.s3.us-west-2.vpce.amazonaws.com
*.accesspoint.vpce-032887b6405c7996e-36xul72u.s3.us-west-2.vpce.amazonaws.com
*.bucket.vpce-032887b6405c7996e-36xul72u-us-west-2a.s3.us-west-2.vpce.amazonaws.com
*.bucket.vpce-032887b6405c7996e-36xul72u-us-west-2b.s3.us-west-2.vpce.amazonaws.com
*.bucket.vpce-032887b6405c7996e-36xul72u-us-west-2c.s3.us-west-2.vpce.amazonaws.com
*.bucket.vpce-032887b6405c7996e-36xul72u-us-west-2d.s3.us-west-2.vpce.amazonaws.com
*.bucket.vpce-032887b6405c7996e-36xul72u.s3.us-west-2.vpce.amazonaws.com
*.control.vpce-032887b6405c7996e-36xul72u-us-west-2a.s3.us-west-2.vpce.amazonaws.com
*.control.vpce-032887b6405c7996e-36xul72u-us-west-2b.s3.us-west-2.vpce.amazonaws.com
*.control.vpce-032887b6405c7996e-36xul72u-us-west-2c.s3.us-west-2.vpce.amazonaws.com
*.control.vpce-032887b6405c7996e-36xul72u-us-west-2d.s3.us-west-2.vpce.amazonaws.com
*.control.vpce-032887b6405c7996e-36xul72u.s3.us-west-2.vpce.amazonaws.com
*.s3-accesspoint.us-west-2.amazonaws.com
*.s3-control.us-west-2.amazonaws.com
*.s3.us-west-2.amazonaws.com
bucket.vpce-032887b6405c7996e-36xul72u-us-west-2a.s3.us-west-2.vpce.amazonaws.com
bucket.vpce-032887b6405c7996e-36xul72u-us-west-2b.s3.us-west-2.vpce.amazonaws.com
bucket.vpce-032887b6405c7996e-36xul72u-us-west-2c.s3.us-west-2.vpce.amazonaws.com
bucket.vpce-032887b6405c7996e-36xul72u-us-west-2d.s3.us-west-2.vpce.amazonaws.com
bucket.vpce-032887b6405c7996e-36xul72u.s3.us-west-2.vpce.amazonaws.com
s3.us-west-2.amazonaws.com
deploy-delete-app-ap-south-1-5.deploy-delete-test-ap-south-1-3byj2le.ap-south-1.forgeapps.ec2.aws.dev
deploy-delete-app-ap-south-1-5.deploy-delete-test-ap-south-1-3byj2le.forgeapps.ec2.aws.dev
r53lbr.deploy-delete-app-ap-south-1-5.deploy-delete-test-ap-south-1-3byj2le.forgeapps.ec2.aws.dev
z4gbs.freelivebroadcast6.xyz
www.allwebsitedevelopment.com.kshamasolutions.com
www.globalgsp.com.kshamasolutions.com
arhiv2017.blagajne.net-informatika.com
2l6wm.livebroadcast99.xyz
*.lifecycle-prober-prod-02bd4337-939f-4163-a2e7-96797bd05b18.europe-west9.managedkafka.gmk-lifecycle-prober-prod-6.cloud.goog
*.z31.w.api.fabric.microsoft-int.com
auto-s644824m5-pbi-kv-HttpsZone31.z31.w.api.fabric.microsoft-int.com
*.geo.redis.cache.windows.net
*.z70.w.api.fabric.microsoft-int.com
auto-s644823ma8-pbi-kv-HttpsZone70.z70.w.api.fabric.microsoft-int.com
*.z0f.w.api.fabric.microsoft-int.com
auto-s644823ma8-pbi-kv-HttpsZone0f.z0f.w.api.fabric.microsoft-int.com
portal.pay.avito.avito.sber.avi4eild2acslksujy.5805845.ru
www.portal.pay.avito.avito.sber.avi4eild2acslksujy.5805845.ru
myclientelingsupport-versace.zendesk.com
data-manager.kontentinoservices.dev
za.securityservicefcu.com
www.portal.www.xxxx.publichome-1.org
www.npicpet.com.tw.npicpet-jp.co
*.zb1.w.api.fabric.microsoft-int.com
auto-s644824m5-pbi-kv-HttpsZoneb1.zb1.w.api.fabric.microsoft-int.com
myclientelingsupport-versace.zendesk.com
www.securefutureinc-com.coloradofirecamp.com
sber.sber.sberbank.avito.ild9hapjtniuy60.stats.stonecellars.com
sber.ozon.avito.avito.sberbank.sber.covid19.oldcorralclub.com
the-fall-of-the-house-of-usher.xyz
www.the-fall-of-the-house-of-usher.xyz
www.outlook.pluseng.com
*.zd1.w.api.fabric.microsoft-int.com
auto-s644821mza5-pbi-kv-HttpsZoned1.zd1.w.api.fabric.microsoft-int.com
*.z4d.w.api.fabric.microsoft-int.com
auto-s644826mza7-pbi-kv-HttpsZone4d.z4d.w.api.fabric.microsoft-int.com
portal.sberbank.avito.sber.wild4smile.smattermost.com
