www.so-tugaiise.skyrock.commp7tf.holidays-in-portugal.xyz
www.staging-flow.social-media-marketing-business-usa1.xyz
*.ap-northeast-1.es.amazonaws.com
uop3oc47mdhsja2vpaxchqbyuq.ap-northeast-1.es.amazonaws.com
pbqlxaci.meal-delivery002.online
*.us-gov-east-1.es.amazonaws.com
6ylo5mnltbufaolrvjlyvnvqwe.us-gov-east-1.es.amazonaws.com
alt.canary.s3.ca-west-1.vpce.amazonaws.com
canary.s3.ca-west-1.vpce.amazonaws.com
ibe2-review-release-v1-0-26.staging.wa.qntdev.com
*.ap-northeast-1.es.amazonaws.com
5eayva6zzf33cyp3bw32umdkiq.ap-northeast-1.es.amazonaws.com
outlook.a3design.eu
*.best-downloader-for-youtube.pages.dev
best-downloader-for-youtube.pages.dev
*.ap-northeast-1.es.amazonaws.com
oxmd2fz4qdug43gokxvuvevtv4.ap-northeast-1.es.amazonaws.com
apim-uks-mobapp-dev.unique.management.azure-api.net
apim-uks-mobapp-dev.unique.portal.azure-api.net
*.accesspoint.vpce-05c729e7fdcaafdcb-z7ghufld-il-central-1a.s3.il-central-1.vpce.amazonaws.com
*.accesspoint.vpce-05c729e7fdcaafdcb-z7ghufld-il-central-1b.s3.il-central-1.vpce.amazonaws.com
*.accesspoint.vpce-05c729e7fdcaafdcb-z7ghufld-il-central-1c.s3.il-central-1.vpce.amazonaws.com
*.accesspoint.vpce-05c729e7fdcaafdcb-z7ghufld.s3.il-central-1.vpce.amazonaws.com
*.bucket.vpce-05c729e7fdcaafdcb-z7ghufld-il-central-1a.s3.il-central-1.vpce.amazonaws.com
*.bucket.vpce-05c729e7fdcaafdcb-z7ghufld-il-central-1b.s3.il-central-1.vpce.amazonaws.com
*.bucket.vpce-05c729e7fdcaafdcb-z7ghufld-il-central-1c.s3.il-central-1.vpce.amazonaws.com
*.bucket.vpce-05c729e7fdcaafdcb-z7ghufld.s3.il-central-1.vpce.amazonaws.com
*.control.vpce-05c729e7fdcaafdcb-z7ghufld-il-central-1a.s3.il-central-1.vpce.amazonaws.com
*.control.vpce-05c729e7fdcaafdcb-z7ghufld-il-central-1b.s3.il-central-1.vpce.amazonaws.com
*.control.vpce-05c729e7fdcaafdcb-z7ghufld-il-central-1c.s3.il-central-1.vpce.amazonaws.com
*.control.vpce-05c729e7fdcaafdcb-z7ghufld.s3.il-central-1.vpce.amazonaws.com
*.s3-accesspoint.il-central-1.amazonaws.com
*.s3-control.il-central-1.amazonaws.com
*.s3.il-central-1.amazonaws.com
bucket.vpce-05c729e7fdcaafdcb-z7ghufld-il-central-1a.s3.il-central-1.vpce.amazonaws.com
bucket.vpce-05c729e7fdcaafdcb-z7ghufld-il-central-1b.s3.il-central-1.vpce.amazonaws.com
bucket.vpce-05c729e7fdcaafdcb-z7ghufld-il-central-1c.s3.il-central-1.vpce.amazonaws.com
bucket.vpce-05c729e7fdcaafdcb-z7ghufld.s3.il-central-1.vpce.amazonaws.com
s3.il-central-1.amazonaws.com
*.ap-northeast-1.es.amazonaws.com
uv3ajtev42uimht56al5shw5wq.ap-northeast-1.es.amazonaws.com
cdn.ethoswallet.xyz
ethoswallet.xyz
yandex.pay.avito.nalozhka.portal.portal-child-45e88.dev-apps.crowdcomms.com
gv-12469-2a9d8d52.i-sepp-theater.ux.i-smith.ee
sbermarket.sbermarket.sbermarket.cdek.pay.portal.portal-child-45e88.dev-apps.crowdcomms.com
pay.pay.avito.portal.portal-child-45e88.dev-apps.crowdcomms.com
www.www.www.youtube.com-free.angga.konimbo.co.il
6www.gitlab.gitlab.gitlab.gitlab.gitlab.email.yikj.work
cdek.pay.ozon.pochta.pochta.portal.portal-child-45e88.dev-apps.crowdcomms.com
avito.blablacar.youla.pochtabank.app.portal-child-45e88.dev-apps.crowdcomms.com
yandex.avito.nalozhka.blablacar.pay.portal.portal-child-45e88.dev-apps.crowdcomms.com
portal.www.wwwwwwwww.gitlab.www.frosty-newton.13-68-225-194.plesk.page
pay.youla.pay.portal.portal-child-45e88.dev-apps.crowdcomms.com
nalozhka.yandex.blablacar.pochtabank.apportal-child-45e88.dev-apps.crowdcomms.com
avito.pochtabank.pochtabank.kwid9.cheapcarinsurancecc.xyz
sbermarket.yandex.avito.yandex.portal.portal-child-45e88.dev-apps.crowdcomms.com
www.hostmaster.stashopobin.helpdesk.carrrtalsblumebod3.ecn.support.innfinite.co.uk
app.app.www.www.wwwgitlab.32332e3232355e3131362e313939.make-hex-32332e39352e3231352e313735-rr.make-hex-32332e39302e3231332e313232-rr.1u.ms
static.www.www.eofficeportal.ing.secure.webmail.dozenvpn.ru
pay.avito.avito.avito.pay.portal.portal-child-45e88.dev-apps.crowdcomms.com
*.pvg-classic-lbw2qp1lqhz-1e7743ca80a399c9cff4eaf617434c72-0000.us-south.stg.containers.appdomain.cloud
pvg-classic-lbw2qp1lqhz-1e7743ca80a399c9cff4eaf617434c72-0000.us-south.stg.containers.appdomain.cloud
*.1.oca.ocp-qa.netflixtest.net
sbermarket.pochtabank.app.portal-child-45e88.dev-apps.crowdcomms.com
pochtabank.avito.avito.blablacar.sbermegamarket.portal.portal-child-45e88.dev-apps.crowdcomms.com
*.z19.graphql.fabric.microsoft-int.com
*.z19.w.api.fabric.microsoft-int.com
auto-s667823ma8-pbi-kv-HttpsZone19.z19.w.api.fabric.microsoft-int.com
*.z10.graphql.fabric.microsoft-int.com
*.z10.w.api.fabric.microsoft-int.com
auto-s667839ma4-pbi-kv-HttpsZone10.z10.w.api.fabric.microsoft-int.com
*.z7e.graphql.fabric.microsoft-int.com
*.z7e.w.api.fabric.microsoft-int.com
auto-s667814mzi7-pbi-kv-HttpsZone7e.z7e.w.api.fabric.microsoft-int.com
customerservice.ewe.jobs.envago.de
www.dastyarweb.com.amirparvaneh.ir
*.z29.graphql.fabric.microsoft-int.com
*.z29.w.api.fabric.microsoft-int.com
auto-s667843mza2-pbi-kv-HttpsZone29.z29.w.api.fabric.microsoft-int.com
192-168-3-7.sml9u1xqstu.ddns.manage.alta.inc
*.z65.graphql.fabric.microsoft-int.com
*.z65.w.api.fabric.microsoft-int.com
auto-s667394ma0-pbi-kv-HttpsZone65.z65.w.api.fabric.microsoft-int.com
*.z82.graphql.fabric.microsoft-int.com
*.z82.w.api.fabric.microsoft-int.com
auto-s667396mzi3-pbi-kv-HttpsZone82.z82.w.api.fabric.microsoft-int.com
*.zc5.graphql.fabric.microsoft-int.com
*.zc5.w.api.fabric.microsoft-int.com
auto-s667394ma0-pbi-kv-HttpsZonec5.zc5.w.api.fabric.microsoft-int.com
*.geo.redis.cache.windows.net
*.z62.graphql.fabric.microsoft-int.com
*.z62.w.api.fabric.microsoft-int.com
auto-s667396mzi3-pbi-kv-HttpsZone62.z62.w.api.fabric.microsoft-int.com
*.zc3.graphql.fabric.microsoft-int.com
*.zc3.w.api.fabric.microsoft-int.com
auto-s667402ma7-pbi-kv-HttpsZonec3.zc3.w.api.fabric.microsoft-int.com
*.eu-west-3.es.amazonaws.com
jetim73zci7mes3qfzhcbetlie.eu-west-3.es.amazonaws.com
*.z85.graphql.fabric.microsoft-int.com
*.z85.w.api.fabric.microsoft-int.com
auto-s667394ma0-pbi-kv-HttpsZone85.z85.w.api.fabric.microsoft-int.com
*.us-west-2.es.amazonaws.com
efiuukuwwu3ualwallpt2kkdo4.us-west-2.es.amazonaws.com
xmail.dfaesg.com
*.z02.graphql.fabric.microsoft-int.com
*.z02.w.api.fabric.microsoft-int.com
auto-s667396mzi3-pbi-kv-HttpsZone02.z02.w.api.fabric.microsoft-int.com
*.geo.redis.cache.windows.net
nalozhka.sbermarket.pochtabank.kwid9.skims.xyz
*.ze3.graphql.fabric.microsoft-int.com
*.ze3.w.api.fabric.microsoft-int.com
auto-s667402ma7-pbi-kv-HttpsZonee3.ze3.w.api.fabric.microsoft-int.com
